# JRE version: OpenJDK Runtime Environment (8.0_191-b12) (build 1.8.0_191-8u191-b12-2ubuntu0.18.04.1-b12)
# Java VM: OpenJDK 64-Bit Server VM (25.191-b12 mixed mode linux-amd64 compressed oops)
Heap:
 PSYoungGen      total 37888K, used 0K [0x00000000d6180000, 0x00000000d8b80000, 0x0000000100000000)
  eden space 32768K, 0% used [0x00000000d6180000,0x00000000d6180000,0x00000000d8180000)
  from space 5120K, 0% used [0x00000000d8680000,0x00000000d8680000,0x00000000d8b80000)
  to   space 5120K, 0% used [0x00000000d8180000,0x00000000d8180000,0x00000000d8680000)
 ParOldGen       total 86016K, used 2256K [0x0000000082400000, 0x0000000087800000, 0x00000000d6180000)
  object space 86016K, 2% used [0x0000000082400000,0x00000000826341f8,0x0000000087800000)
 Metaspace       used 6028K, capacity 6282K, committed 6400K, reserved 1056768K
  class space    used 609K, capacity 697K, committed 768K, reserved 1048576K
GC Heap History (10 events):
Event: 763.908 GC heap after
Heap after GC invocations=338 (full 169):
 PSYoungGen      total 37888K, used 0K [0x00000000d6180000, 0x00000000d8b80000, 0x0000000100000000)
  eden space 32768K, 0% used [0x00000000d6180000,0x00000000d6180000,0x00000000d8180000)
  from space 5120K, 0% used [0x00000000d8180000,0x00000000d8180000,0x00000000d8680000)
  to   space 5120K, 0% used [0x00000000d8680000,0x00000000d8680000,0x00000000d8b80000)
 ParOldGen       total 86016K, used 2253K [0x0000000082400000, 0x0000000087800000, 0x00000000d6180000)
  object space 86016K, 2% used [0x0000000082400000,0x0000000082633548,0x0000000087800000)
 Metaspace       used 6028K, capacity 6282K, committed 6400K, reserved 1056768K
  class space    used 609K, capacity 697K, committed 768K, reserved 1048576K
}
Event: 767.179 GC heap before
{Heap before GC invocations=339 (full 169):
 PSYoungGen      total 37888K, used 2621K [0x00000000d6180000, 0x00000000d8b80000, 0x0000000100000000)
  eden space 32768K, 8% used [0x00000000d6180000,0x00000000d640f638,0x00000000d8180000)
  from space 5120K, 0% used [0x00000000d8180000,0x00000000d8180000,0x00000000d8680000)
  to   space 5120K, 0% used [0x00000000d8680000,0x00000000d8680000,0x00000000d8b80000)
 ParOldGen       total 86016K, used 2253K [0x0000000082400000, 0x0000000087800000, 0x00000000d6180000)
  object space 86016K, 2% used [0x0000000082400000,0x0000000082633548,0x0000000087800000)
 Metaspace       used 6028K, capacity 6282K, committed 6400K, reserved 1056768K
  class space    used 609K, capacity 697K, committed 768K, reserved 1048576K
Event: 767.445 GC heap after
Heap after GC invocations=339 (full 169):
 PSYoungGen      total 37888K, used 32K [0x00000000d6180000, 0x00000000d8b80000, 0x0000000100000000)
  eden space 32768K, 0% used [0x00000000d6180000,0x00000000d6180000,0x00000000d8180000)
  from space 5120K, 0% used [0x00000000d8680000,0x00000000d8688000,0x00000000d8b80000)
  to   space 5120K, 0% used [0x00000000d8180000,0x00000000d8180000,0x00000000d8680000)
 ParOldGen       total 86016K, used 2253K [0x0000000082400000, 0x0000000087800000, 0x00000000d6180000)
  object space 86016K, 2% used [0x0000000082400000,0x0000000082633548,0x0000000087800000)
 Metaspace       used 6028K, capacity 6282K, committed 6400K, reserved 1056768K
  class space    used 609K, capacity 697K, committed 768K, reserved 1048576K
}
Event: 767.445 GC heap before
{Heap before GC invocations=340 (full 170):
 PSYoungGen      total 37888K, used 32K [0x00000000d6180000, 0x00000000d8b80000, 0x0000000100000000)
  eden space 32768K, 0% used [0x00000000d6180000,0x00000000d6180000,0x00000000d8180000)
  from space 5120K, 0% used [0x00000000d8680000,0x00000000d8688000,0x00000000d8b80000)
  to   space 5120K, 0% used [0x00000000d8180000,0x00000000d8180000,0x00000000d8680000)
 ParOldGen       total 86016K, used 2253K [0x0000000082400000, 0x0000000087800000, 0x00000000d6180000)
  object space 86016K, 2% used [0x0000000082400000,0x0000000082633548,0x0000000087800000)
 Metaspace       used 6028K, capacity 6282K, committed 6400K, reserved 1056768K
  class space    used 609K, capacity 697K, committed 768K, reserved 1048576K
Event: 768.492 GC heap after
Heap after GC invocations=340 (full 170):
 PSYoungGen      total 37888K, used 0K [0x00000000d6180000, 0x00000000d8b80000, 0x0000000100000000)
  eden space 32768K, 0% used [0x00000000d6180000,0x00000000d6180000,0x00000000d8180000)
  from space 5120K, 0% used [0x00000000d8680000,0x00000000d8680000,0x00000000d8b80000)
  to   space 5120K, 0% used [0x00000000d8180000,0x00000000d8180000,0x00000000d8680000)
 ParOldGen       total 86016K, used 2256K [0x0000000082400000, 0x0000000087800000, 0x00000000d6180000)
  object space 86016K, 2% used [0x0000000082400000,0x00000000826341f8,0x0000000087800000)
 Metaspace       used 6028K, capacity 6282K, committed 6400K, reserved 1056768K
  class space    used 609K, capacity 697K, committed 768K, reserved 1048576K
}
Event: 776.187 GC heap before
{Heap before GC invocations=341 (full 170):
 PSYoungGen      total 37888K, used 1310K [0x00000000d6180000, 0x00000000d8b80000, 0x0000000100000000)
  eden space 32768K, 3% used [0x00000000d6180000,0x00000000d62c7ae0,0x00000000d8180000)
  from space 5120K, 0% used [0x00000000d8680000,0x00000000d8680000,0x00000000d8b80000)
  to   space 5120K, 0% used [0x00000000d8180000,0x00000000d8180000,0x00000000d8680000)
 ParOldGen       total 86016K, used 2256K [0x0000000082400000, 0x0000000087800000, 0x00000000d6180000)
  object space 86016K, 2% used [0x0000000082400000,0x00000000826341f8,0x0000000087800000)
 Metaspace       used 6028K, capacity 6282K, committed 6400K, reserved 1056768K
  class space    used 609K, capacity 697K, committed 768K, reserved 1048576K
Event: 778.903 GC heap after
Heap after GC invocations=341 (full 170):
 PSYoungGen      total 37888K, used 0K [0x00000000d6180000, 0x00000000d8b80000, 0x0000000100000000)
  eden space 32768K, 0% used [0x00000000d6180000,0x00000000d6180000,0x00000000d8180000)
  from space 5120K, 0% used [0x00000000d8180000,0x00000000d8180000,0x00000000d8680000)
  to   space 5120K, 0% used [0x00000000d8680000,0x00000000d8680000,0x00000000d8b80000)
 ParOldGen       total 86016K, used 2256K [0x0000000082400000, 0x0000000087800000, 0x00000000d6180000)
  object space 86016K, 2% used [0x0000000082400000,0x00000000826341f8,0x0000000087800000)
 Metaspace       used 6028K, capacity 6282K, committed 6400K, reserved 1056768K
  class space    used 609K, capacity 697K, committed 768K, reserved 1048576K
}
Event: 778.903 GC heap before
{Heap before GC invocations=342 (full 171):
 PSYoungGen      total 37888K, used 0K [0x00000000d6180000, 0x00000000d8b80000, 0x0000000100000000)
  eden space 32768K, 0% used [0x00000000d6180000,0x00000000d6180000,0x00000000d8180000)
  from space 5120K, 0% used [0x00000000d8180000,0x00000000d8180000,0x00000000d8680000)
  to   space 5120K, 0% used [0x00000000d8680000,0x00000000d8680000,0x00000000d8b80000)
 ParOldGen       total 86016K, used 2256K [0x0000000082400000, 0x0000000087800000, 0x00000000d6180000)
  object space 86016K, 2% used [0x0000000082400000,0x00000000826341f8,0x0000000087800000)
 Metaspace       used 6028K, capacity 6282K, committed 6400K, reserved 1056768K
  class space    used 609K, capacity 697K, committed 768K, reserved 1048576K
Event: 782.463 GC heap after
Heap after GC invocations=342 (full 171):
 PSYoungGen      total 37888K, used 0K [0x00000000d6180000, 0x00000000d8b80000, 0x0000000100000000)
  eden space 32768K, 0% used [0x00000000d6180000,0x00000000d6180000,0x00000000d8180000)
  from space 5120K, 0% used [0x00000000d8180000,0x00000000d8180000,0x00000000d8680000)
  to   space 5120K, 0% used [0x00000000d8680000,0x00000000d8680000,0x00000000d8b80000)
 ParOldGen       total 86016K, used 2256K [0x0000000082400000, 0x0000000087800000, 0x00000000d6180000)
  object space 86016K, 2% used [0x0000000082400000,0x00000000826341f8,0x0000000087800000)
 Metaspace       used 6028K, capacity 6282K, committed 6400K, reserved 1056768K
  class space    used 609K, capacity 697K, committed 768K, reserved 1048576K
}
Event: 792.638 GC heap before
{Heap before GC invocations=343 (full 171):
 PSYoungGen      total 37888K, used 1310K [0x00000000d6180000, 0x00000000d8b80000, 0x0000000100000000)
  eden space 32768K, 3% used [0x00000000d6180000,0x00000000d62c7ae0,0x00000000d8180000)
  from space 5120K, 0% used [0x00000000d8180000,0x00000000d8180000,0x00000000d8680000)
  to   space 5120K, 0% used [0x00000000d8680000,0x00000000d8680000,0x00000000d8b80000)
 ParOldGen       total 86016K, used 2256K [0x0000000082400000, 0x0000000087800000, 0x00000000d6180000)
  object space 86016K, 2% used [0x0000000082400000,0x00000000826341f8,0x0000000087800000)
 Metaspace       used 6028K, capacity 6282K, committed 6400K, reserved 1056768K
  class space    used 609K, capacity 697K, committed 768K, reserved 1048576K
Deoptimization events (10 events):
Event: 165.842 Thread 0x00007f26f8009000 Uncommon trap: reason=null_check action=make_not_entrant pc=0x00007f27353c7274 method=java.io.ObjectStreamClass.getReflector([Ljava/io/ObjectStreamField;Ljava/io/ObjectStreamClass;)Ljava/io/ObjectStreamClass$FieldReflector; @ 49
Event: 165.844 Thread 0x00007f26f8009000 Uncommon trap: reason=unstable_if action=reinterpret pc=0x00007f27353e6be4 method=java.io.ObjectInputStream.readSerialData(Ljava/lang/Object;Ljava/io/ObjectStreamClass;)V @ 84
Event: 165.974 Thread 0x00007f2744184000 Uncommon trap: reason=unstable_if action=reinterpret pc=0x00007f273534e5f0 method=java.lang.reflect.Method.invoke(Ljava/lang/Object;[Ljava/lang/Object;)Ljava/lang/Object; @ 45
Event: 221.281 Thread 0x00007f26f8007000 Uncommon trap: reason=class_check action=maybe_recompile pc=0x00007f2735252c84 method=java.io.ObjectInputStream$PeekInputStream.read()I @ 23
Event: 221.282 Thread 0x00007f26f8007000 Uncommon trap: reason=unstable_if action=reinterpret pc=0x00007f27352f2cfc method=java.io.ObjectInputStream.isCustomSubclass()Z @ 12
Event: 233.487 Thread 0x00007f26d4008000 Uncommon trap: reason=unstable_if action=reinterpret pc=0x00007f2735389bb0 method=java.io.ObjectStreamClass.writeNonProxy(Ljava/io/ObjectOutputStream;)V @ 142
Event: 269.792 Thread 0x00007f26f8007000 Uncommon trap: reason=unstable_if action=reinterpret pc=0x00007f27351a00f8 method=java.net.SocketInputStream.read([BIII)I @ 124
Event: 269.792 Thread 0x00007f26f8007000 Uncommon trap: reason=unstable_if action=reinterpret pc=0x00007f27353f68e8 method=java.net.SocketInputStream.read()I @ 28
Event: 405.030 Thread 0x00007f26f8009000 Uncommon trap: reason=unstable_if action=reinterpret pc=0x00007f27351a00f8 method=java.net.SocketInputStream.read([BIII)I @ 124
Event: 405.031 Thread 0x00007f26f8009000 Uncommon trap: reason=unstable_if action=reinterpret pc=0x00007f27351dd620 method=java.net.SocketInputStream.read()I @ 28

